  Task1.c
C:\Users\Гость\Downloads\Новая папка\laba2-master\Laba2\Task1.c(8,10): warning C4477:  "scanf_s": в строке форматирования "%d" требуется аргумент типа "int *", но вариативный аргумент "1" имеет тип "int **"
C:\Users\Гость\Downloads\Новая папка\laba2-master\Laba2\Task1.c(9,9): warning C4477:  "printf": в строке форматирования "%d" требуется аргумент типа "int", но вариативный аргумент "1" имеет тип "int **"
C:\Users\Гость\Downloads\Новая папка\laba2-master\Laba2\Task1.c(9,9): warning C4477:  "printf": в строке форматирования "%d" требуется аргумент типа "int", но вариативный аргумент "2" имеет тип "int *"
C:\Users\Гость\Downloads\Новая папка\laba2-master\Laba2\Task1.c(23,16): warning C4047:  =: "int" отличается по уровням косвенного обращения от "int *"
C:\Users\Гость\Downloads\Новая папка\laba2-master\Laba2\Task1.c(24,21): warning C4047:  =: "int" отличается по уровням косвенного обращения от "int *"
C:\Users\Гость\Downloads\Новая папка\laba2-master\Laba2\Task1.c(25,16): warning C4047:  =: "int" отличается по уровням косвенного обращения от "int *"
C:\Users\Гость\Downloads\Новая папка\laba2-master\Laba2\Task1.c(37,33): warning C4047:  =: "char *" отличается по уровням косвенного обращения от "int"
C:\Users\Гость\Downloads\Новая папка\laba2-master\Laba2\Task1.c(41,20): warning C4047:  функция: "const char *" отличается по уровням косвенного обращения от "const char"
C:\Users\Гость\Downloads\Новая папка\laba2-master\Laba2\Task1.c(41,20): warning C4024:  strlen: различные типы для формального и фактического параметров 1
C:\Users\Гость\Downloads\Новая папка\laba2-master\Laba2\Task1.c(46,24): warning C4047:  функция: "int" отличается по уровням косвенного обращения от "const char *"
C:\Users\Гость\Downloads\Новая папка\laba2-master\Laba2\Task1.c(46,24): warning C4024:  strchr: различные типы для формального и фактического параметров 2
C:\Users\Гость\Downloads\Новая папка\laba2-master\Laba2\Task1.c(54,33): warning C4047:  =: "char *" отличается по уровням косвенного обращения от "int"
C:\Users\Гость\Downloads\Новая папка\laba2-master\Laba2\Task1.c(79,16): warning C4047:  =: "int" отличается по уровням косвенного обращения от "int *"
C:\Users\Гость\Downloads\Новая папка\laba2-master\Laba2\Task1.c(80,21): warning C4047:  =: "int" отличается по уровням косвенного обращения от "int *"
C:\Users\Гость\Downloads\Новая папка\laba2-master\Laba2\Task1.c(81,16): warning C4047:  =: "int" отличается по уровням косвенного обращения от "int *"
C:\Users\Гость\Downloads\Новая папка\laba2-master\Laba2\Task1.c(372,9): warning C4101:  o: неиспользованная локальная переменная
C:\Users\Гость\Downloads\Новая папка\laba2-master\Laba2\Task1.c(435,8): warning C4013:  system: нет определения; предполагается "extern" с возвратом типа "int"
C:\Users\Гость\Downloads\Новая папка\laba2-master\Laba2\Task1.c(520,17): warning C4047:  функция: "int *" отличается по уровням косвенного обращения от "int (*)[5]"
C:\Users\Гость\Downloads\Новая папка\laba2-master\Laba2\Task1.c(520,17): warning C4024:  writeArray: различные типы для формального и фактического параметров 1
C:\Users\Гость\Downloads\Новая папка\laba2-master\Laba2\Task1.c(523,16): warning C4047:  функция: "int *" отличается по уровням косвенного обращения от "int (*)[5]"
C:\Users\Гость\Downloads\Новая папка\laba2-master\Laba2\Task1.c(523,16): warning C4024:  readArray: различные типы для формального и фактического параметров 1
C:\Users\Гость\Downloads\Новая папка\laba2-master\Laba2\Task1.c(526,11): warning C4047:  функция: "int *" отличается по уровням косвенного обращения от "int (*)[5]"
C:\Users\Гость\Downloads\Новая папка\laba2-master\Laba2\Task1.c(526,11): warning C4024:  sort: различные типы для формального и фактического параметров 1
C:\Users\Гость\Downloads\Новая папка\laba2-master\Laba2\Task1.c(536,9): warning C4477:  "printf": в строке форматирования "%d" требуется аргумент типа "int", но вариативный аргумент "1" имеет тип "char *"
C:\Users\Гость\Downloads\Новая папка\laba2-master\Laba2\Task1.c(547,21): warning C4047:  функция: "int *" отличается по уровням косвенного обращения от "int (*)[5]"
C:\Users\Гость\Downloads\Новая папка\laba2-master\Laba2\Task1.c(547,21): warning C4024:  sortHeapArray: различные типы для формального и фактического параметров 1
C:\Users\Гость\Downloads\Новая папка\laba2-master\Laba2\Task1.c(547,21): warning C4024: C:\Users\Гость\Downloads\Новая папка\laba2-master\Laba2\Task1.c(48) : warning C4172: возвращение адреса локальной или временной переменной : o
C:\Users\Гость\Downloads\Новая папка\laba2-master\Laba2\Task1.c(547,21): warning C4024: C:\Users\Гость\Downloads\Новая папка\laba2-master\Laba2\Task1.c(260) : warning C4716: findFirstElement1: должна возвращать значение
C:\Users\Гость\Downloads\Новая папка\laba2-master\Laba2\Task1.c(547,21): warning C4024: C:\Users\Гость\Downloads\Новая папка\laba2-master\Laba2\Task1.c(300) : warning C4716: findFirstElement3: должна возвращать значение
C:\Users\Гость\Downloads\Новая папка\laba2-master\Laba2\Task1.c(547,21): warning C4024: C:\Users\Гость\Downloads\Новая папка\laba2-master\Laba2\Task1.c(336) : warning C4716: findFirstNegativeElement2: должна возвращать значение
C:\Users\Гость\Downloads\Новая папка\laba2-master\Laba2\Task1.c(547,21): warning C4024: C:\Users\Гость\Downloads\Новая папка\laba2-master\Laba2\Task1.c(317) : warning C4716: findFirstNegativeElement1: должна возвращать значение
C:\Users\Гость\Downloads\Новая папка\laba2-master\Laba2\Task1.c(547,21): warning C4024: C:\Users\Гость\Downloads\Новая папка\laba2-master\Laba2\Task1.c(357) : warning C4716: findFirstNegativeElement3: должна возвращать значение
C:\Users\Гость\Downloads\Новая папка\laba2-master\Laba2\Task1.c(547,21): warning C4024: C:\Users\Гость\Downloads\Новая папка\laba2-master\Laba2\Task1.c(279) : warning C4716: findFirstElement2: должна возвращать значение
  Laba2.vcxproj -> C:\Users\Гость\Downloads\Новая папка\laba2-master\Debug\Laba2.exe
